==========================SYSTEM INFO============================
OS Platform:Win32NT
OS Service Pack:Service Pack 2
OS Version:6.0.6002.131072
Machine Name :EVANSOFT-PC
Nb Processors :1
User DomainName :Evansoft-PC
User Name :Administrator
=======================================================

=======================NEW EXCEPTION================
01/09/2010 15:29:01
------------Source------------
Moo
------------Message------------
Object reference not set to an instance of an object.
------------Data------------

=======================NEW EXCEPTION================
18/09/2010 07:46:06
------------Source------------
System
------------Message------------
The remote server returned an error: (404) Not Found.
------------Data------------

=======================NEW EXCEPTION================
18/09/2010 13:11:19
------------Source------------
mscorlib
------------Message------------
Could not find file 'C:\Users\Administrator\Documents\Visual Studio 2008\Projects\Moo\Moo\bin\Debug\function Name (){ ;}'.
------------Data------------

=======================NEW EXCEPTION================
18/09/2010 13:11:24
------------Source------------
mscorlib
------------Message------------
Could not find file 'C:\Users\Administrator\Documents\Visual Studio 2008\Projects\Moo\Moo\bin\Debug\function Name (){ ;}'.
------------Data------------

=======================NEW EXCEPTION================
18/09/2010 13:11:45
------------Source------------
mscorlib
------------Message------------
Could not find file 'C:\Users\Administrator\Documents\Visual Studio 2008\Projects\Moo\Moo\bin\Debug\function Name (){ ;}'.
------------Data------------

=======================NEW EXCEPTION================
18/09/2010 13:11:47
------------Source------------
mscorlib
------------Message------------
Could not find file 'C:\Users\Administrator\Documents\Visual Studio 2008\Projects\Moo\Moo\bin\Debug\function Name (){ ;}'.
------------Data------------

=======================NEW EXCEPTION================
20/09/2010 10:41:14
------------Source------------
mscorlib
------------Message------------
Could not find a part of the path 'C:\Users\Administrator\Desktop\Train\bin'.
------------Data------------

=======================NEW EXCEPTION================
21/09/2010 23:56:05
------------Source------------
System
------------Message------------
The remote server returned an error: (404) Not Found.
------------Data------------

=======================NEW EXCEPTION================
23/09/2010 09:53:12
------------Source------------
System.Windows.Forms
------------Message------------
InvalidArgument=Value of '0' is not valid for 'index'.
Parameter name: index
------------Data------------

=======================NEW EXCEPTION================
23/09/2010 09:53:20
------------Source------------
System.Windows.Forms
------------Message------------
InvalidArgument=Value of '0' is not valid for 'index'.
Parameter name: index
------------Data------------

=======================NEW EXCEPTION================
23/09/2010 09:53:33
------------Source------------
System.Windows.Forms
------------Message------------
InvalidArgument=Value of '0' is not valid for 'index'.
Parameter name: index
------------Data------------

=======================NEW EXCEPTION================
23/09/2010 09:58:49
------------Source------------
System.Windows.Forms
------------Message------------
InvalidArgument=Value of '0' is not valid for 'index'.
Parameter name: index
------------Data------------

=======================NEW EXCEPTION================
23/09/2010 09:59:22
------------Source------------
System.Windows.Forms
------------Message------------
InvalidArgument=Value of '0' is not valid for 'index'.
Parameter name: index
------------Data------------

=======================NEW EXCEPTION================
23/09/2010 10:03:24
------------Source------------
System.Windows.Forms
------------Message------------
InvalidArgument=Value of '0' is not valid for 'index'.
Parameter name: index
------------Data------------

=======================NEW EXCEPTION================
23/09/2010 10:05:02
------------Source------------
System.Windows.Forms
------------Message------------
InvalidArgument=Value of '0' is not valid for 'index'.
Parameter name: index
------------Data------------

=======================NEW EXCEPTION================
23/09/2010 10:14:15
------------Source------------
System.Windows.Forms
------------Message------------
InvalidArgument=Value of '0' is not valid for 'index'.
Parameter name: index
------------Data------------

=======================NEW EXCEPTION================
23/09/2010 10:19:35
------------Source------------
System.Windows.Forms
------------Message------------
InvalidArgument=Value of '0' is not valid for 'index'.
Parameter name: index
------------Data------------

=======================NEW EXCEPTION================
23/09/2010 11:12:43
------------Source------------
System
------------Message------------
The remote server returned an error: (404) Not Found.
------------Data------------
